<?xml version="1.0" encoding="UTF-8"?>
<testsuite xmlns:xsi="http://www.w3.org/2001/XMLSchema-instance" xsi:noNamespaceSchemaLocation="https://maven.apache.org/surefire/maven-surefire-plugin/xsd/surefire-test-report-3.0.xsd" version="3.0" name="OrderTest" time="0.31" tests="30" errors="0" skipped="0" failures="0">
  <properties>
[...]
</properties>
  <testcase name="test_compareTo(Order, Order, boolean)[1]" classname="OrderTest" time="0.07">
    <system-out><![CDATA[Start tests
Start test
Test complete
]]></system-out>
  </testcase>
  <testcase name="test_compareTo(Order, Order, boolean)[2]" classname="OrderTest" time="0.002">
    <system-out><![CDATA[Start test
Test complete
]]></system-out>
  </testcase>
  <testcase name="test_compareTo(Order, Order, boolean)[3]" classname="OrderTest" time="0.003">
    <system-out><![CDATA[Start test
Test complete
]]></system-out>
  </testcase>
  <testcase name="test_compareTo(Order, Order, boolean)[4]" classname="OrderTest" time="0.004">
    <system-out><![CDATA[Start test
Test complete
]]></system-out>
  </testcase>
  <testcase name="tests_setDate_and_getPriority(Order, Date, int)[1]" classname="OrderTest" time="0.003">
    <system-out><![CDATA[Start test
Test complete
]]></system-out>
  </testcase>
  <testcase name="tests_setDate_and_getPriority(Order, Date, int)[2]" classname="OrderTest" time="0.002">
    <system-out><![CDATA[Start test
Test complete
]]></system-out>
  </testcase>
  <testcase name="tests_setDate_and_getPriority(Order, Date, int)[3]" classname="OrderTest" time="0.002">
    <system-out><![CDATA[Start test
Test complete
]]></system-out>
  </testcase>
  <testcase name="tests_setDate_and_getPriority(Order, Date, int)[4]" classname="OrderTest" time="0.003">
    <system-out><![CDATA[Start test
Test complete
]]></system-out>
  </testcase>
  <testcase name="test_getOrderNumber" classname="OrderTest" time="0.002">
    <system-out><![CDATA[Start test
Test complete
]]></system-out>
  </testcase>
  <testcase name="test_hashCode(Order, int)[1]" classname="OrderTest" time="0.002">
    <system-out><![CDATA[Start test
Test complete
]]></system-out>
  </testcase>
  <testcase name="test_hashCode(Order, int)[2]" classname="OrderTest" time="0.003">
    <system-out><![CDATA[Start test
Test complete
]]></system-out>
  </testcase>
  <testcase name="test_hashCode(Order, int)[3]" classname="OrderTest" time="0.002">
    <system-out><![CDATA[Start test
Test complete
]]></system-out>
  </testcase>
  <testcase name="test_hashCode(Order, int)[4]" classname="OrderTest" time="0.002">
    <system-out><![CDATA[Start test
Test complete
]]></system-out>
  </testcase>
  <testcase name="test_equals(Order, Order)[1]" classname="OrderTest" time="0.002">
    <system-out><![CDATA[Start test
Test complete
]]></system-out>
  </testcase>
  <testcase name="test_equals(Order, Order)[2]" classname="OrderTest" time="0.002">
    <system-out><![CDATA[Start test
Test complete
]]></system-out>
  </testcase>
  <testcase name="test_equals(Order, Order)[3]" classname="OrderTest" time="0.004">
    <system-out><![CDATA[Start test
Test complete
]]></system-out>
  </testcase>
  <testcase name="test_equals(Order, Order)[4]" classname="OrderTest" time="0.002">
    <system-out><![CDATA[Start test
Test complete
]]></system-out>
  </testcase>
  <testcase name="test_getManager" classname="OrderTest" time="0.001">
    <system-out><![CDATA[Start test
Test complete
]]></system-out>
  </testcase>
  <testcase name="test_getDateStr(Order, String)[1]" classname="OrderTest" time="0.002">
    <system-out><![CDATA[Start test
Test complete
]]></system-out>
  </testcase>
  <testcase name="test_getDateStr(Order, String)[2]" classname="OrderTest" time="0.002">
    <system-out><![CDATA[Start test
Test complete
]]></system-out>
  </testcase>
  <testcase name="test_getDateStr(Order, String)[3]" classname="OrderTest" time="0.002">
    <system-out><![CDATA[Start test
Test complete
]]></system-out>
  </testcase>
  <testcase name="test_getDateStr(Order, String)[4]" classname="OrderTest" time="0.002">
    <system-out><![CDATA[Start test
Test complete
]]></system-out>
  </testcase>
  <testcase name="test_getDateStr(Order, Date)[1]" classname="OrderTest" time="0.001">
    <system-out><![CDATA[Start test
Test complete
]]></system-out>
  </testcase>
  <testcase name="test_getDateStr(Order, Date)[2]" classname="OrderTest" time="0.002">
    <system-out><![CDATA[Start test
Test complete
]]></system-out>
  </testcase>
  <testcase name="test_getDateStr(Order, Date)[3]" classname="OrderTest" time="0.001">
    <system-out><![CDATA[Start test
Test complete
]]></system-out>
  </testcase>
  <testcase name="test_getDateStr(Order, Date)[4]" classname="OrderTest" time="0.001">
    <system-out><![CDATA[Start test
Test complete
]]></system-out>
  </testcase>
  <testcase name="test_toString(Order, String)[1]" classname="OrderTest" time="0.001">
    <system-out><![CDATA[Start test
Test complete
]]></system-out>
  </testcase>
  <testcase name="test_toString(Order, String)[2]" classname="OrderTest" time="0.002">
    <system-out><![CDATA[Start test
Test complete
]]></system-out>
  </testcase>
  <testcase name="test_toString(Order, String)[3]" classname="OrderTest" time="0.002">
    <system-out><![CDATA[Start test
Test complete
]]></system-out>
  </testcase>
  <testcase name="test_toString(Order, String)[4]" classname="OrderTest" time="0.002">
    <system-out><![CDATA[Start test
Test complete
]]></system-out>
  </testcase>
</testsuite>